<?xml version="1.0" encoding="UTF-8"?>
<!-- Generated by org.testng.reporters.JUnitReportReporter -->
<testsuite hostname="danniyax-mobl2" failures="0" tests="1" name="Pack.Demoqa" time="19.414" errors="0" timestamp="08 Jun 2021 14:45:25 GMT" skipped="0">
  <testcase classname="Pack.Demoqa" name="input1" time="19.414"/>
</testsuite> <!-- Pack.Demoqa -->
