<?xml version="1.0" encoding="UTF-8"?>
<!-- Generated by org.testng.reporters.JUnitReportReporter -->
<testsuite hostname="danniyax-mobl2" failures="0" tests="1" name="DemoappTest.UserProfileTest" time="0.000" errors="0" timestamp="26 Jun 2021 06:32:48 GMT" skipped="1">
  <testcase classname="DemoappTest.UserProfileTest" name="createProfile" time="0.000">
    <skipped/>
  </testcase> <!-- createProfile -->
</testsuite> <!-- DemoappTest.UserProfileTest -->
