<?xml version="1.0" encoding="UTF-8"?>
<!-- Generated by org.testng.reporters.JUnitReportReporter -->
<testsuite hostname="danniyax-mobl2" failures="0" tests="4" name="Test.Alert" time="26.758" errors="0" timestamp="06 Jun 2021 17:09:48 GMT" skipped="2">
  <testcase classname="Test.Alert" name="alertest4" time="12.366"/>
  <testcase classname="Test.Alert" name="alerttest3" time="14.392"/>
  <testcase classname="Test.Alert" name="alerttest1">
    <skipped/>
  </testcase> <!-- alerttest1 -->
  <testcase classname="Test.Alert" name="alerttest2">
    <skipped/>
  </testcase> <!-- alerttest2 -->
</testsuite> <!-- Test.Alert -->
