<?xml version="1.0" encoding="UTF-8"?>
<!-- Generated by org.testng.reporters.JUnitReportReporter -->
<testsuite hostname="danniyax-mobl2" failures="0" tests="3" name="Test.Palin_Test2" time="0.008" errors="0" timestamp="27 May 2021 17:59:37 GMT" skipped="0">
  <testcase classname="Test.Palin_Test2" name="test4" time="0.006"/>
  <testcase classname="Test.Palin_Test2" name="test5" time="0.001"/>
  <testcase classname="Test.Palin_Test2" name="test6" time="0.001"/>
</testsuite> <!-- Test.Palin_Test2 -->
