<?xml version="1.0" encoding="UTF-8"?>
<!-- Generated by org.testng.reporters.JUnitReportReporter -->
<testsuite hostname="danniyax-mobl2" failures="0" tests="2" name="Test.WebTest1" time="27.358" errors="0" timestamp="27 May 2021 18:06:21 GMT" skipped="0">
  <testcase classname="Test.WebTest1" name="Seltest1" time="5.750"/>
  <testcase classname="Test.WebTest1" name="Seltest" time="21.608"/>
</testsuite> <!-- Test.WebTest1 -->
