<?xml version="1.0" encoding="UTF-8"?>
<!-- Generated by org.testng.reporters.JUnitReportReporter -->
<testsuite hostname="danniyax-mobl2" failures="0" tests="4" name="Test.AlertTesting" time="74.494" errors="0" timestamp="08 Jun 2021 13:21:37 GMT" skipped="0">
  <testcase classname="Test.AlertTesting" name="alerttest2" time="21.361"/>
  <testcase classname="Test.AlertTesting" name="alerttest1" time="15.431"/>
  <testcase classname="Test.AlertTesting" name="alerttest3" time="17.612"/>
  <testcase classname="Test.AlertTesting" name="alertest4" time="20.090"/>
</testsuite> <!-- Test.AlertTesting -->
