<?xml version="1.0" encoding="UTF-8"?>
<!-- Generated by org.testng.reporters.JUnitReportReporter -->
<testsuite hostname="danniyax-mobl2" failures="0" tests="2" name="Test.WebElem" time="36.974" errors="0" timestamp="01 Jun 2021 18:53:17 GMT" skipped="0">
  <testcase classname="Test.WebElem" name="webtest" time="18.009"/>
  <testcase classname="Test.WebElem" name="webtest1" time="18.965"/>
</testsuite> <!-- Test.WebElem -->
