<?xml version="1.0" encoding="UTF-8"?>
<!-- Generated by org.testng.reporters.JUnitReportReporter -->
<testsuite hostname="danniyax-mobl2" failures="0" tests="3" name="Test.Demoqa" time="50.690" errors="0" timestamp="06 Jun 2021 17:31:40 GMT" skipped="0">
  <testcase classname="Test.Demoqa" name="newWindow" time="17.608"/>
  <testcase classname="Test.Demoqa" name="newWindowmessage" time="14.463"/>
  <testcase classname="Test.Demoqa" name="newTab" time="18.619"/>
</testsuite> <!-- Test.Demoqa -->
