<?xml version="1.0" encoding="UTF-8"?>
<!-- Generated by org.testng.reporters.JUnitReportReporter -->
<testsuite hostname="danniyax-mobl2" failures="0" tests="4" name="SwagLabTest.SwagLab" time="9.062" errors="0" timestamp="18 Jun 2021 04:52:24 GMT" skipped="0">
  <testcase classname="SwagLabTest.SwagLab" name="swagtest" time="7.437"/>
  <testcase classname="SwagLabTest.SwagLab" name="swagtest" time="0.360"/>
  <testcase classname="SwagLabTest.SwagLab" name="swagtest" time="0.735"/>
  <testcase classname="SwagLabTest.SwagLab" name="swagtest" time="0.530"/>
</testsuite> <!-- SwagLabTest.SwagLab -->
