<?xml version="1.0" encoding="UTF-8"?>
<!-- Generated by org.testng.reporters.JUnitReportReporter -->
<testsuite hostname="danniyax-mobl2" failures="0" tests="3" name="Test.Palin_Test" time="0.015" errors="0" timestamp="28 May 2021 11:04:18 GMT" skipped="1">
  <testcase classname="Test.Palin_Test" name="test3" time="0.014"/>
  <testcase classname="Test.Palin_Test" name="test2" time="0.001"/>
  <testcase classname="Test.Palin_Test" name="test1">
    <skipped/>
  </testcase> <!-- test1 -->
</testsuite> <!-- Test.Palin_Test -->
