<?xml version="1.0" encoding="UTF-8"?>
<!-- Generated by org.testng.reporters.JUnitReportReporter -->
<testsuite hostname="danniyax-mobl2" failures="0" tests="3" name="ToolsQA.Toolsqa_assgnmt" time="14.398" errors="0" timestamp="13 Jun 2021 17:56:42 GMT" skipped="0">
  <testcase classname="ToolsQA.Toolsqa_assgnmt" name="textbox" time="12.444"/>
  <testcase classname="ToolsQA.Toolsqa_assgnmt" name="checkbox" time="0.998"/>
  <testcase classname="ToolsQA.Toolsqa_assgnmt" name="radio_button" time="0.956"/>
</testsuite> <!-- ToolsQA.Toolsqa_assgnmt -->
