<?xml version="1.0" encoding="UTF-8"?>
<!-- Generated by org.testng.reporters.JUnitReportReporter -->
<testsuite hostname="danniyax-mobl2" failures="0" tests="1" name="Test.SwagDemo" time="8.135" errors="0" timestamp="03 Jun 2021 14:40:18 GMT" skipped="0">
  <testcase classname="Test.SwagDemo" name="test" time="8.135"/>
</testsuite> <!-- Test.SwagDemo -->
