<?xml version="1.0" encoding="UTF-8"?>
<!-- Generated by org.testng.reporters.JUnitReportReporter -->
<testsuite hostname="danniyax-mobl2" failures="0" tests="2" name="Test.WebSky" time="23.364" errors="0" timestamp="31 May 2021 10:08:39 GMT" skipped="0">
  <testcase classname="Test.WebSky" name="test" time="15.331"/>
  <testcase classname="Test.WebSky" name="test1" time="8.033"/>
</testsuite> <!-- Test.WebSky -->
