<?xml version="1.0" encoding="UTF-8"?>
<!-- Generated by org.testng.reporters.JUnitReportReporter -->
<testsuite hostname="danniyax-mobl2" failures="0" tests="1" name="Test.DroppableTest" time="3.712" errors="0" timestamp="12 Jun 2021 15:13:53 GMT" skipped="0">
  <testcase classname="Test.DroppableTest" name="draganddrop" time="3.712"/>
</testsuite> <!-- Test.DroppableTest -->
