<?xml version="1.0" encoding="UTF-8"?>
<!-- Generated by org.testng.reporters.JUnitReportReporter -->
<testsuite hostname="danniyax-mobl2" failures="0" tests="1" name="ToolsQA.DroppableTest" time="1.725" errors="0" timestamp="13 Jun 2021 17:46:39 GMT" skipped="0">
  <testcase classname="ToolsQA.DroppableTest" name="draganddrop" time="1.725"/>
</testsuite> <!-- ToolsQA.DroppableTest -->
