<?xml version="1.0" encoding="UTF-8"?>
<!-- Generated by org.testng.reporters.JUnitReportReporter -->
<testsuite hostname="danniyax-mobl2" failures="0" tests="3" name="DemoTest.Datainput" time="3.119" errors="0" timestamp="08 Jun 2021 13:02:50 GMT" skipped="0">
  <testcase classname="DemoTest.Datainput" name="test2" time="0.159"/>
  <testcase classname="DemoTest.Datainput" name="test3" time="0.212"/>
  <testcase classname="DemoTest.Datainput" name="test1" time="2.748"/>
</testsuite> <!-- DemoTest.Datainput -->
