<?xml version="1.0" encoding="UTF-8"?>
<!-- Generated by org.testng.reporters.JUnitReportReporter -->
<testsuite hostname="danniyax-mobl2" failures="0" tests="1" name="DemoappTest.IdentifyClientTest" time="0.000" errors="0" timestamp="01 Jul 2021 17:21:59 GMT" skipped="1">
  <testcase classname="DemoappTest.IdentifyClientTest" name="manageClient" time="0.000">
    <skipped/>
  </testcase> <!-- manageClient -->
</testsuite> <!-- DemoappTest.IdentifyClientTest -->
