<?xml version="1.0" encoding="UTF-8"?>
<!-- Generated by org.testng.reporters.JUnitReportReporter -->
<testsuite hostname="danniyax-mobl2" failures="0" tests="1" name="Pack.SauceDemo" time="6.515" errors="0" timestamp="08 Jun 2021 14:45:25 GMT" skipped="0">
  <testcase classname="Pack.SauceDemo" name="input2" time="6.515"/>
</testsuite> <!-- Pack.SauceDemo -->
